🚀 开始持续迭代...
📝 [10:00] 迭代：examples/user-management/src/main/java
✅ 创建 Java 文件
[main 945bb85] feat: 迭代 examples/user-management/src/main/java (10:00)
 4 files changed, 30 insertions(+)
 create mode 100644 examples/user-management/src/main/java/UserService.java
 create mode 100644 logs/iteration.log
 create mode 100644 logs/report.log
✅ 提交完成
✅ 迭代完成
🚀 开始持续迭代...
📝 [11:00] 迭代：examples/user-management/tests
✅ 创建测试文件
[main 4105232] feat: 迭代 examples/user-management/tests (11:00)
 3 files changed, 23 insertions(+)
 create mode 100644 examples/user-management/tests/UserServiceTest.java
✅ 提交完成
✅ 迭代完成
🚀 开始持续迭代...
📝 [12:00] 迭代：templates/feature
✅ 创建模板文件
[main f03ba2f] feat: 迭代 templates/feature (12:00)
 4 files changed, 18 insertions(+)
 create mode 100644 templates/feature/template.yaml
✅ 提交完成
✅ 迭代完成
🚀 开始持续迭代...
📝 [13:00] 迭代：templates/api
✅ 创建模板文件
[main c5c7ad8] feat: 迭代 templates/api (13:00)
 3 files changed, 17 insertions(+)
 create mode 100644 templates/api/template.yaml
✅ 提交完成
✅ 迭代完成
🚀 开始持续迭代...
📝 [14:00] 迭代：templates/model
✅ 创建模板文件
