🚀 启动持续迭代循环...
📝 迭代 0: examples/user-management/src/main/java/com/sdd/user/UserService.java
[main e64e167] feat: 迭代 UserService.java (持续迭代 #0)
 3 files changed, 111 insertions(+), 18 deletions(-)
 create mode 100644 logs/loop-iteration.log
 create mode 100755 loop-iteration.sh
✅ 提交完成 #0
📝 迭代 1: examples/user-management/src/main/java/com/sdd/user/User.java
[main 9c00e17] feat: 迭代 User.java (持续迭代 #1)
 2 files changed, 10 insertions(+)
 create mode 100644 examples/user-management/src/main/java/com/sdd/user/User.java
✅ 提交完成 #1
📝 迭代 2: examples/user-management/src/main/java/com/sdd/user/CreateUserRequest.java
[main f095ca3] feat: 迭代 CreateUserRequest.java (持续迭代 #2)
 2 files changed, 10 insertions(+)
 create mode 100644 examples/user-management/src/main/java/com/sdd/user/CreateUserRequest.java
✅ 提交完成 #2
📝 迭代 3: examples/user-management/src/test/java/com/sdd/user/UserServiceTest.java
[main 4fd7304] feat: 迭代 UserServiceTest.java (持续迭代 #3)
 2 files changed, 10 insertions(+)
 create mode 100644 examples/user-management/src/test/java/com/sdd/user/UserServiceTest.java
✅ 提交完成 #3
📝 迭代 4: templates/feature/feature-template.yaml
[main 069db0b] feat: 迭代 feature-template.yaml (持续迭代 #4)
 2 files changed, 9 insertions(+)
 create mode 100644 templates/feature/feature-template.yaml
✅ 提交完成 #4
📊 进度：已完成 5/14 个任务
📝 迭代 5: templates/api/api-template.yaml
[main 69f5400] feat: 迭代 api-template.yaml (持续迭代 #5)
 2 files changed, 9 insertions(+)
 create mode 100644 templates/api/api-template.yaml
✅ 提交完成 #5
📝 迭代 6: templates/model/model-template.yaml
[main 925aea1] feat: 迭代 model-template.yaml (持续迭代 #6)
 2 files changed, 13 insertions(+)
 create mode 100644 templates/model/model-template.yaml
✅ 提交完成 #6
📝 迭代 7: best-practices/guides/sdd-quick-start.md
[main cda6046] feat: 迭代 sdd-quick-start.md (持续迭代 #7)
 2 files changed, 19 insertions(+)
 create mode 100644 best-practices/guides/sdd-quick-start.md
✅ 提交完成 #7
📝 迭代 8: best-practices/pitfalls/top-10-mistakes.md
[main fc6c2b6] feat: 迭代 top-10-mistakes.md (持续迭代 #8)
 2 files changed, 19 insertions(+)
 create mode 100644 best-practices/pitfalls/top-10-mistakes.md
✅ 提交完成 #8
📝 迭代 9: tools/qoder/setup-guide.md
[main 4fb5e6b] feat: 迭代 setup-guide.md (持续迭代 #9)
 2 files changed, 19 insertions(+)
 create mode 100644 tools/qoder/setup-guide.md
✅ 提交完成 #9
📊 进度：已完成 10/14 个任务
📝 迭代 10: learning-path/beginner/5min-tutorial.md
[main 8abe5f8] feat: 迭代 5min-tutorial.md (持续迭代 #10)
 2 files changed, 20 insertions(+)
 create mode 100644 learning-path/beginner/5min-tutorial.md
✅ 提交完成 #10
📝 迭代 11: learning-path/beginner/30min-tutorial.md
[main 69640c7] feat: 迭代 30min-tutorial.md (持续迭代 #11)
 2 files changed, 19 insertions(+)
 create mode 100644 learning-path/beginner/30min-tutorial.md
✅ 提交完成 #11
📝 迭代 12: community/faq/general.md
[main 0d3ee1c] feat: 迭代 general.md (持续迭代 #12)
 2 files changed, 19 insertions(+)
 create mode 100644 community/faq/general.md
✅ 提交完成 #12
📝 迭代 13: community/contribute/how-to-contribute.md
[main ae1c7db] feat: 迭代 how-to-contribute.md (持续迭代 #13)
 2 files changed, 19 insertions(+)
 create mode 100644 community/contribute/how-to-contribute.md
✅ 提交完成 #13
✅ 第一轮迭代完成，开始第二轮...
📝 迭代 0: examples/user-management/src/main/java/com/sdd/user/UserService.java
[main abc3e00] feat: 迭代 UserService.java (持续迭代 #0)
 1 file changed, 6 insertions(+)
✅ 提交完成 #0
📝 迭代 1: examples/user-management/src/main/java/com/sdd/user/User.java
[main 4b2ca65] feat: 迭代 User.java (持续迭代 #1)
 1 file changed, 4 insertions(+)
✅ 提交完成 #1
📝 迭代 2: examples/user-management/src/main/java/com/sdd/user/CreateUserRequest.java
[main 38c06a2] feat: 迭代 CreateUserRequest.java (持续迭代 #2)
 1 file changed, 4 insertions(+)
✅ 提交完成 #2
📝 迭代 3: examples/user-management/src/test/java/com/sdd/user/UserServiceTest.java
[main 0e3a7c4] feat: 迭代 UserServiceTest.java (持续迭代 #3)
 1 file changed, 4 insertions(+)
✅ 提交完成 #3
📝 迭代 4: templates/feature/feature-template.yaml
[main cad4c6e] feat: 迭代 feature-template.yaml (持续迭代 #4)
 1 file changed, 4 insertions(+)
✅ 提交完成 #4
📊 进度：已完成 5/14 个任务
📝 迭代 5: templates/api/api-template.yaml
[main 72372d9] feat: 迭代 api-template.yaml (持续迭代 #5)
 1 file changed, 5 insertions(+)
✅ 提交完成 #5
📝 迭代 6: templates/model/model-template.yaml
[main 7a52747] feat: 迭代 model-template.yaml (持续迭代 #6)
 1 file changed, 4 insertions(+)
✅ 提交完成 #6
📝 迭代 7: best-practices/guides/sdd-quick-start.md
[main 3339d26] feat: 迭代 sdd-quick-start.md (持续迭代 #7)
 1 file changed, 4 insertions(+)
✅ 提交完成 #7
📝 迭代 8: best-practices/pitfalls/top-10-mistakes.md
[main 65ce5a3] feat: 迭代 top-10-mistakes.md (持续迭代 #8)
 1 file changed, 4 insertions(+)
✅ 提交完成 #8
📝 迭代 9: tools/qoder/setup-guide.md
[main d42ea9c] feat: 迭代 setup-guide.md (持续迭代 #9)
 1 file changed, 4 insertions(+)
✅ 提交完成 #9
📊 进度：已完成 10/14 个任务
📝 迭代 10: learning-path/beginner/5min-tutorial.md
[main db340b1] feat: 迭代 5min-tutorial.md (持续迭代 #10)
 1 file changed, 5 insertions(+)
✅ 提交完成 #10
📝 迭代 11: learning-path/beginner/30min-tutorial.md
[main 070560f] feat: 迭代 30min-tutorial.md (持续迭代 #11)
 1 file changed, 4 insertions(+)
✅ 提交完成 #11
📝 迭代 12: community/faq/general.md
