/bin/sh: ./auto-report.sh: No such file or directory
/bin/sh: ./auto-report.sh: No such file or directory
/bin/sh: ./auto-report.sh: No such file or directory
/bin/sh: ./auto-report.sh: No such file or directory
/bin/sh: ./auto-report.sh: No such file or directory
📊 **SDD 进度汇报** | 20:00

✅ **今日提交：** 318 次
📁 **总文件数：** 54 个
📝 **最新提交：** 76d6efe feat: 充实 docs/ 文档，采用数字前缀命名

🔄 **迭代状态：** 持续进行中
⏰ **下次汇报：** 30 分钟后

---
✅ 汇报已生成：20:00
📊 **SDD 进度汇报** | 22:00

✅ **今日提交：** 318 次
📁 **总文件数：** 54 个
📝 **最新提交：** 76d6efe feat: 充实 docs/ 文档，采用数字前缀命名

🔄 **迭代状态：** 持续进行中
⏰ **下次汇报：** 30 分钟后

---
✅ 汇报已生成：22:00
📊 **SDD 进度汇报** | 00:00

✅ **今日提交：** 0 次
📁 **总文件数：** 54 个
📝 **最新提交：** 76d6efe feat: 充实 docs/ 文档，采用数字前缀命名

🔄 **迭代状态：** 持续进行中
⏰ **下次汇报：** 30 分钟后

---
✅ 汇报已生成：00:00
📊 **SDD 进度汇报** | 02:00

✅ **今日提交：** 0 次
📁 **总文件数：** 54 个
📝 **最新提交：** 76d6efe feat: 充实 docs/ 文档，采用数字前缀命名

🔄 **迭代状态：** 持续进行中
⏰ **下次汇报：** 30 分钟后

---
✅ 汇报已生成：02:00
📊 **SDD 进度汇报** | 04:00

✅ **今日提交：** 0 次
📁 **总文件数：** 54 个
📝 **最新提交：** 76d6efe feat: 充实 docs/ 文档，采用数字前缀命名

🔄 **迭代状态：** 持续进行中
⏰ **下次汇报：** 30 分钟后

---
✅ 汇报已生成：04:00
📊 **SDD 进度汇报** | 06:00

✅ **今日提交：** 0 次
📁 **总文件数：** 54 个
📝 **最新提交：** 76d6efe feat: 充实 docs/ 文档，采用数字前缀命名

🔄 **迭代状态：** 持续进行中
⏰ **下次汇报：** 30 分钟后

---
✅ 汇报已生成：06:00
📊 **SDD 进度汇报** | 08:00

✅ **今日提交：** 0 次
📁 **总文件数：** 54 个
📝 **最新提交：** 76d6efe feat: 充实 docs/ 文档，采用数字前缀命名

🔄 **迭代状态：** 持续进行中
⏰ **下次汇报：** 30 分钟后

---
✅ 汇报已生成：08:00
📊 **SDD 进度汇报** | 10:00

✅ **今日提交：** 0 次
📁 **总文件数：** 54 个
📝 **最新提交：** 76d6efe feat: 充实 docs/ 文档，采用数字前缀命名

🔄 **迭代状态：** 持续进行中
⏰ **下次汇报：** 30 分钟后

---
✅ 汇报已生成：10:00
📊 **SDD 进度汇报** | 12:00

✅ **今日提交：** 2 次
📁 **总文件数：** 54 个
📝 **最新提交：** 9f3e283 feat: 迭代 examples/user-management/tests (11:00)

🔄 **迭代状态：** 持续进行中
⏰ **下次汇报：** 30 分钟后

---
✅ 汇报已生成：12:00
